<?xml version="1.0" encoding="UTF-8"?>
<testsuite xmlns:xsi="http://www.w3.org/2001/XMLSchema-instance" xsi:noNamespaceSchemaLocation="https://maven.apache.org/surefire/maven-surefire-plugin/xsd/surefire-test-report-3.0.xsd" version="3.0" name="com.previdencia.GestaoBeneficios.Service.TestBeneficioService" time="2.65" tests="3" errors="0" skipped="0" failures="0">
  <properties>
[...]
</properties>
  <testcase name="testBeneficioDelete" classname="com.previdencia.GestaoBeneficios.Service.TestBeneficioService" time="0.494">
    <system-out><![CDATA[2024-04-01T14:09:20.210-03:00  INFO 13612 --- [GestaoBeneficios] [           main] t.c.s.AnnotationConfigContextLoaderUtils : Could not detect default configuration classes for test class [com.previdencia.GestaoBeneficios.Service.TestBeneficioService]: TestBeneficioService does not declare any static, non-private, non-final, nested classes annotated with @Configuration.
2024-04-01T14:09:20.232-03:00  INFO 13612 --- [GestaoBeneficios] [           main] .b.t.c.SpringBootTestContextBootstrapper : Found @SpringBootConfiguration com.previdencia.GestaoBeneficios.GestaoBeneficiosApplication for test class com.previdencia.GestaoBeneficios.Service.TestBeneficioService

  .   ____          _            __ _ _
 /\\ / ___'_ __ _ _(_)_ __  __ _ \ \ \ \
( ( )\___ | '_ | '_| | '_ \/ _` | \ \ \ \
 \\/  ___)| |_)| | | | | || (_| |  ) ) ) )
  '  |____| .__|_| |_|_| |_\__, | / / / /
 =========|_|==============|___/=/_/_/_/
 :: Spring Boot ::                (v3.2.4)

2024-04-01T14:09:20.298-03:00  WARN 13612 --- [GestaoBeneficios] [           main] ory$DuplicateJsonObjectContextCustomizer : 

Found multiple occurrences of org.json.JSONObject on the class path:

	jar:file:/C:/Users/leona/.m2/repository/com/vaadin/external/google/android-json/0.0.20131108.vaadin1/android-json-0.0.20131108.vaadin1.jar!/org/json/JSONObject.class
	jar:file:/C:/Users/leona/.m2/repository/org/json/json/20240303/json-20240303.jar!/org/json/JSONObject.class

You may wish to exclude one of them to ensure predictable runtime behavior

2024-04-01T14:09:20.305-03:00  INFO 13612 --- [GestaoBeneficios] [           main] c.p.G.Service.TestBeneficioService       : Starting TestBeneficioService using Java 17.0.10 with PID 13612 (started by leona in C:\Users\leona\Desktop\Gestao-Beneficios\GestaoBeneficios)
2024-04-01T14:09:20.306-03:00  INFO 13612 --- [GestaoBeneficios] [           main] c.p.G.Service.TestBeneficioService       : No active profile set, falling back to 1 default profile: "default"
2024-04-01T14:09:20.706-03:00  INFO 13612 --- [GestaoBeneficios] [           main] .s.d.r.c.RepositoryConfigurationDelegate : Bootstrapping Spring Data JPA repositories in DEFAULT mode.
2024-04-01T14:09:20.727-03:00  INFO 13612 --- [GestaoBeneficios] [           main] .s.d.r.c.RepositoryConfigurationDelegate : Finished Spring Data repository scanning in 20 ms. Found 2 JPA repository interfaces.
2024-04-01T14:09:20.891-03:00  INFO 13612 --- [GestaoBeneficios] [           main] o.hibernate.jpa.internal.util.LogHelper  : HHH000204: Processing PersistenceUnitInfo [name: default]
2024-04-01T14:09:20.900-03:00  INFO 13612 --- [GestaoBeneficios] [           main] o.h.c.internal.RegionFactoryInitiator    : HHH000026: Second-level cache disabled
2024-04-01T14:09:20.915-03:00  INFO 13612 --- [GestaoBeneficios] [           main] o.s.o.j.p.SpringPersistenceUnitInfo      : No LoadTimeWeaver setup: ignoring JPA class transformer
2024-04-01T14:09:20.917-03:00  INFO 13612 --- [GestaoBeneficios] [           main] com.zaxxer.hikari.HikariDataSource       : HikariPool-3 - Starting...
2024-04-01T14:09:21.043-03:00  INFO 13612 --- [GestaoBeneficios] [           main] com.zaxxer.hikari.pool.HikariPool        : HikariPool-3 - Added connection org.postgresql.jdbc.PgConnection@1ced1fb9
2024-04-01T14:09:21.044-03:00  INFO 13612 --- [GestaoBeneficios] [           main] com.zaxxer.hikari.HikariDataSource       : HikariPool-3 - Start completed.
2024-04-01T14:09:21.173-03:00  INFO 13612 --- [GestaoBeneficios] [           main] o.h.e.t.j.p.i.JtaPlatformInitiator       : HHH000489: No JTA platform available (set 'hibernate.transaction.jta.platform' to enable JTA platform integration)
2024-04-01T14:09:21.222-03:00  INFO 13612 --- [GestaoBeneficios] [           main] j.LocalContainerEntityManagerFactoryBean : Initialized JPA EntityManagerFactory for persistence unit 'default'
2024-04-01T14:09:21.409-03:00  WARN 13612 --- [GestaoBeneficios] [           main] JpaBaseConfiguration$JpaWebConfiguration : spring.jpa.open-in-view is enabled by default. Therefore, database queries may be performed during view rendering. Explicitly configure spring.jpa.open-in-view to disable this warning
2024-04-01T14:09:21.624-03:00  INFO 13612 --- [GestaoBeneficios] [           main] c.p.G.Service.TestBeneficioService       : Started TestBeneficioService in 1.383 seconds (process running for 13.364)
]]></system-out>
  </testcase>
  <testcase name="testBeneficioPost" classname="com.previdencia.GestaoBeneficios.Service.TestBeneficioService" time="0.018"/>
  <testcase name="testBeneficioPut" classname="com.previdencia.GestaoBeneficios.Service.TestBeneficioService" time="0.71"/>
</testsuite>